<testsuites id="" name="" tests="1" failures="0" skipped="0" errors="0" time="6.403392">
<testsuite name="e2e/manuscript-button-debug.spec.js" timestamp="2025-07-02T04:02:42.456Z" hostname="chromium" tests="1" failures="0" skipped="0" time="3.984" errors="0">
<testcase name="Manuscript Selection Button Debug (No Auth) › Check browser console output for manuscript button debugging" classname="e2e/manuscript-button-debug.spec.js" time="3.984">
<system-out>
<![CDATA[🚀 Navigating to application...
🔍 Looking for Select Manuscript button...
📍 Select Manuscript button visible: false
🔧 Debug element visible: false
📋 All navigation items: []

=== MANUSCRIPT-RELATED CONSOLE MESSAGES ===

=== PERMISSION-RELATED CONSOLE MESSAGES ===

=== TEMPLATE RENDERING CONSOLE MESSAGES ===

=== DEBUG SUMMARY ===
Total console messages: 0
Manuscript-related messages: 0
Permission-related messages: 0
Template-related messages: 0
Select Manuscript button visible: false
Debug element visible: false

✅ Debug test completed. Check console output above for analysis.
]]>
</system-out>
</testcase>
</testsuite>
</testsuites>